#
# There is insufficient memory for the Java Runtime Environment to continue.
# Native memory allocation (malloc) failed to allocate 262160 bytes for Chunk::new
# Possible reasons:
#   The system is out of physical RAM or swap space
#   In 32 bit mode, the process size limit was hit
# Possible solutions:
#   Reduce memory load on the system
#   Increase physical memory or swap space
#   Check if swap backing store is full
#   Use 64 bit Java on a 64 bit OS
#   Decrease Java heap size (-Xmx/-Xms)
#   Decrease number of Java threads
#   Decrease Java thread stack sizes (-Xss)
#   Set larger code cache with -XX:ReservedCodeCacheSize=
# This output file may be truncated or incomplete.
#
#  Out of Memory Error (allocation.cpp:390), pid=8320, tid=8292
#
# JRE version: Java(TM) SE Runtime Environment (8.0_31-b13) (build 1.8.0_31-b13)
# Java VM: Java HotSpot(TM) 64-Bit Server VM (25.31-b07 mixed mode windows-amd64 compressed oops)
# Failed to write core dump. Minidumps are not enabled by default on client versions of Windows
#

---------------  T H R E A D  ---------------

Current thread (0x0000000015140000):  JavaThread "C2 CompilerThread1" daemon [_thread_in_native, id=8292, stack(0x0000000016870000,0x0000000016970000)]

Stack: [0x0000000016870000,0x0000000016970000]
Native frames: (J=compiled Java code, j=interpreted, Vv=VM code, C=native code)
V  [jvm.dll+0x3169ba]
V  [jvm.dll+0x2674c3]
V  [jvm.dll+0x268103]
V  [jvm.dll+0x25f8f5]
V  [jvm.dll+0xbf025]
V  [jvm.dll+0xbf4cc]
V  [jvm.dll+0xbf774]
V  [jvm.dll+0x4cfb00]
V  [jvm.dll+0x49ef1f]
V  [jvm.dll+0x452b35]
V  [jvm.dll+0x454124]
V  [jvm.dll+0x437c62]
V  [jvm.dll+0x988e2]
V  [jvm.dll+0x990d3]
V  [jvm.dll+0x22c194]
V  [jvm.dll+0x28576a]
C  [msvcr100.dll+0x21d9f]


Current CompileTask:
C2:4090648 6665  s    4       java.beans.MethodDescriptor::setMethod (41 bytes)


---------------  P R O C E S S  ---------------

Java Threads: ( => current thread )
  0x0000000018686000 JavaThread "Stdin handler" [_thread_blocked, id=8180, stack(0x000000001ac50000,0x000000001ad50000)]
  0x0000000018687000 JavaThread "Daemon worker Thread 2" [_thread_blocked, id=2544, stack(0x0000000019270000,0x0000000019370000)]
  0x0000000018688800 JavaThread "Cancel handler" [_thread_blocked, id=7920, stack(0x0000000019170000,0x0000000019270000)]
  0x000000001868d000 JavaThread "Handler for socket connection from /127.0.0.1:58974 to /127.0.0.1:60119" [_thread_in_native, id=8424, stack(0x0000000019070000,0x0000000019170000)]
  0x0000000018687800 JavaThread "Daemon Thread 2" [_thread_blocked, id=7048, stack(0x0000000018f70000,0x0000000019070000)]
  0x0000000018665000 JavaThread "File lock request listener" [_thread_in_native, id=4828, stack(0x000000001adc0000,0x000000001aec0000)]
  0x0000000016c8d800 JavaThread "Incoming local TCP Connector on port 58974" [_thread_in_native, id=5632, stack(0x0000000017870000,0x0000000017970000)]
  0x0000000016a98800 JavaThread "Service Thread" daemon [_thread_blocked, id=7892, stack(0x0000000016e70000,0x0000000016f70000)]
  0x0000000015145000 JavaThread "C1 CompilerThread2" daemon [_thread_in_native, id=804, stack(0x0000000016970000,0x0000000016a70000)]
=>0x0000000015140000 JavaThread "C2 CompilerThread1" daemon [_thread_in_native, id=8292, stack(0x0000000016870000,0x0000000016970000)]
  0x000000001513d000 JavaThread "C2 CompilerThread0" daemon [_thread_in_native, id=8024, stack(0x0000000016770000,0x0000000016870000)]
  0x000000001513b000 JavaThread "Attach Listener" daemon [_thread_blocked, id=5788, stack(0x0000000016670000,0x0000000016770000)]
  0x0000000015139800 JavaThread "Signal Dispatcher" daemon [_thread_blocked, id=5612, stack(0x0000000016570000,0x0000000016670000)]
  0x0000000002a36000 JavaThread "Finalizer" daemon [_thread_blocked, id=3856, stack(0x00000000163a0000,0x00000000164a0000)]
  0x0000000002a2d800 JavaThread "Reference Handler" daemon [_thread_blocked, id=6256, stack(0x00000000162a0000,0x00000000163a0000)]
  0x000000000281e800 JavaThread "main" [_thread_blocked, id=7616, stack(0x0000000002820000,0x0000000002920000)]

Other Threads:
  0x0000000015106000 VMThread [stack: 0x00000000161a0000,0x00000000162a0000] [id=4588]
  0x0000000016a9f000 WatcherThread [stack: 0x0000000016f70000,0x0000000017070000] [id=5804]

VM state:at safepoint (normal execution)

VM Mutex/Monitor currently owned by a thread:  ([mutex/lock_event])
[0x000000000281d5c0] Threads_lock - owner thread: 0x0000000015106000
[0x000000000281da40] Heap_lock - owner thread: 0x0000000018687000

Heap:
 PSYoungGen      total 157696K, used 138752K [0x00000000eab00000, 0x00000000f5780000, 0x0000000100000000)
  eden space 138752K, 100% used [0x00000000eab00000,0x00000000f3280000,0x00000000f3280000)
  from space 18944K, 0% used [0x00000000f4500000,0x00000000f4500000,0x00000000f5780000)
  to   space 18944K, 11% used [0x00000000f3280000,0x00000000f34b4010,0x00000000f4500000)
 ParOldGen       total 45056K, used 24110K [0x00000000c0000000, 0x00000000c2c00000, 0x00000000eab00000)
  object space 45056K, 53% used [0x00000000c0000000,0x00000000c178bac8,0x00000000c2c00000)
 Metaspace       used 47454K, capacity 48560K, committed 51968K, reserved 1093632K
  class space    used 6295K, capacity 6694K, committed 7680K, reserved 1048576K

Card table byte_map: [0x0000000011e10000,0x0000000012020000] byte_map_base: 0x0000000011810000

Marking Bits: (ParMarkBitMap*) 0x000000006a0ed4f0
 Begin Bits: [0x0000000012580000, 0x0000000013580000)
 End Bits:   [0x0000000013580000, 0x0000000014580000)

Polling page: 0x0000000002920000

CodeCache: size=245760Kb used=21966Kb max_used=22254Kb free=223793Kb
 bounds [0x0000000002a50000, 0x0000000004030000, 0x0000000011a50000]
 total_blobs=6517 nmethods=5810 adapters=619
 compilation: enabled

Compilation events (10 events):
Event: 4089.822 Thread 0x0000000015145000 nmethod 6688 0x0000000002c93010 code [0x0000000002c93320, 0x0000000002c951f8]
Event: 4089.822 Thread 0x0000000015145000 6683       3       java.lang.Class::privateGetDeclaredMethods (67 bytes)
Event: 4089.823 Thread 0x0000000015145000 nmethod 6683 0x0000000002d68250 code [0x0000000002d68440, 0x0000000002d68d68]
Event: 4089.823 Thread 0x0000000015145000 6684       3       java.beans.MethodRef::find (62 bytes)
Event: 4089.825 Thread 0x0000000015145000 nmethod 6684 0x0000000002f12990 code [0x0000000002f12ba0, 0x0000000002f13848]
Event: 4089.825 Thread 0x0000000015145000 6689       3       org.codehaus.groovy.reflection.ClassInfo::lock (8 bytes)
Event: 4089.825 Thread 0x0000000015145000 nmethod 6689 0x0000000003ad7890 code [0x0000000003ad7a60, 0x0000000003ad8258]
Event: 4089.826 Thread 0x0000000015145000 6690       3       org.codehaus.groovy.reflection.ClassInfo::unlock (8 bytes)
Event: 4089.826 Thread 0x0000000015145000 nmethod 6690 0x0000000003ad7350 code [0x0000000003ad74c0, 0x0000000003ad77a8]
Event: 4089.833 Thread 0x0000000015145000 6693       3       sun.reflect.MethodAccessorGenerator::generate (762 bytes)

GC Heap History (10 events):
Event: 60.600 GC heap before
{Heap before GC invocations=27 (full 2):
 PSYoungGen      total 123392K, used 123381K [0x00000000eab00000, 0x00000000f3400000, 0x0000000100000000)
  eden space 113664K, 100% used [0x00000000eab00000,0x00000000f1a00000,0x00000000f1a00000)
  from space 9728K, 99% used [0x00000000f2a80000,0x00000000f33fd6a8,0x00000000f3400000)
  to   space 12288K, 0% used [0x00000000f1c00000,0x00000000f1c00000,0x00000000f2800000)
 ParOldGen       total 43520K, used 21517K [0x00000000c0000000, 0x00000000c2a80000, 0x00000000eab00000)
  object space 43520K, 49% used [0x00000000c0000000,0x00000000c1503778,0x00000000c2a80000)
 Metaspace       used 40937K, capacity 42354K, committed 42624K, reserved 1085440K
  class space    used 5623K, capacity 6191K, committed 6272K, reserved 1048576K
Event: 60.666 GC heap after
Heap after GC invocations=27 (full 2):
 PSYoungGen      total 128000K, used 12272K [0x00000000eab00000, 0x00000000f5780000, 0x0000000100000000)
  eden space 115712K, 0% used [0x00000000eab00000,0x00000000eab00000,0x00000000f1c00000)
  from space 12288K, 99% used [0x00000000f1c00000,0x00000000f27fc010,0x00000000f2800000)
  to   space 18944K, 0% used [0x00000000f4500000,0x00000000f4500000,0x00000000f5780000)
 ParOldGen       total 43520K, used 32183K [0x00000000c0000000, 0x00000000c2a80000, 0x00000000eab00000)
  object space 43520K, 73% used [0x00000000c0000000,0x00000000c1f6def8,0x00000000c2a80000)
 Metaspace       used 40937K, capacity 42354K, committed 42624K, reserved 1085440K
  class space    used 5623K, capacity 6191K, committed 6272K, reserved 1048576K
}
Event: 75.869 GC heap before
{Heap before GC invocations=28 (full 2):
 PSYoungGen      total 128000K, used 100469K [0x00000000eab00000, 0x00000000f5780000, 0x0000000100000000)
  eden space 115712K, 76% used [0x00000000eab00000,0x00000000f01217a8,0x00000000f1c00000)
  from space 12288K, 99% used [0x00000000f1c00000,0x00000000f27fc010,0x00000000f2800000)
  to   space 18944K, 0% used [0x00000000f4500000,0x00000000f4500000,0x00000000f5780000)
 ParOldGen       total 43520K, used 32183K [0x00000000c0000000, 0x00000000c2a80000, 0x00000000eab00000)
  object space 43520K, 73% used [0x00000000c0000000,0x00000000c1f6def8,0x00000000c2a80000)
 Metaspace       used 47335K, capacity 49204K, committed 49536K, reserved 1091584K
  class space    used 6521K, capacity 7191K, committed 7296K, reserved 1048576K
Event: 75.906 GC heap after
Heap after GC invocations=28 (full 2):
 PSYoungGen      total 157696K, used 9510K [0x00000000eab00000, 0x00000000f5780000, 0x0000000100000000)
  eden space 138752K, 0% used [0x00000000eab00000,0x00000000eab00000,0x00000000f3280000)
  from space 18944K, 50% used [0x00000000f4500000,0x00000000f4e49a50,0x00000000f5780000)
  to   space 18944K, 0% used [0x00000000f3280000,0x00000000f3280000,0x00000000f4500000)
 ParOldGen       total 45056K, used 44520K [0x00000000c0000000, 0x00000000c2c00000, 0x00000000eab00000)
  object space 45056K, 98% used [0x00000000c0000000,0x00000000c2b7a398,0x00000000c2c00000)
 Metaspace       used 47335K, capacity 49204K, committed 49536K, reserved 1091584K
  class space    used 6521K, capacity 7191K, committed 7296K, reserved 1048576K
}
Event: 75.906 GC heap before
{Heap before GC invocations=29 (full 3):
 PSYoungGen      total 157696K, used 9510K [0x00000000eab00000, 0x00000000f5780000, 0x0000000100000000)
  eden space 138752K, 0% used [0x00000000eab00000,0x00000000eab00000,0x00000000f3280000)
  from space 18944K, 50% used [0x00000000f4500000,0x00000000f4e49a50,0x00000000f5780000)
  to   space 18944K, 0% used [0x00000000f3280000,0x00000000f3280000,0x00000000f4500000)
 ParOldGen       total 45056K, used 44520K [0x00000000c0000000, 0x00000000c2c00000, 0x00000000eab00000)
  object space 45056K, 98% used [0x00000000c0000000,0x00000000c2b7a398,0x00000000c2c00000)
 Metaspace       used 47335K, capacity 49204K, committed 49536K, reserved 1091584K
  class space    used 6521K, capacity 7191K, committed 7296K, reserved 1048576K
Event: 76.516 GC heap after
Heap after GC invocations=29 (full 3):
 PSYoungGen      total 157696K, used 4612K [0x00000000eab00000, 0x00000000f5780000, 0x0000000100000000)
  eden space 138752K, 0% used [0x00000000eab00000,0x00000000eab00000,0x00000000f3280000)
  from space 18944K, 24% used [0x00000000f4500000,0x00000000f49813a0,0x00000000f5780000)
  to   space 18944K, 0% used [0x00000000f3280000,0x00000000f3280000,0x00000000f4500000)
 ParOldGen       total 45056K, used 44731K [0x00000000c0000000, 0x00000000c2c00000, 0x00000000eab00000)
  object space 45056K, 99% used [0x00000000c0000000,0x00000000c2baee48,0x00000000c2c00000)
 Metaspace       used 47335K, capacity 49204K, committed 49536K, reserved 1091584K
  class space    used 6521K, capacity 7191K, committed 7296K, reserved 1048576K
}
Event: 4079.887 GC heap before
{Heap before GC invocations=30 (full 4):
 PSYoungGen      total 157696K, used 143364K [0x00000000eab00000, 0x00000000f5780000, 0x0000000100000000)
  eden space 138752K, 100% used [0x00000000eab00000,0x00000000f3280000,0x00000000f3280000)
  from space 18944K, 24% used [0x00000000f4500000,0x00000000f49813a0,0x00000000f5780000)
  to   space 18944K, 0% used [0x00000000f3280000,0x00000000f3280000,0x00000000f4500000)
 ParOldGen       total 45056K, used 44731K [0x00000000c0000000, 0x00000000c2c00000, 0x00000000eab00000)
  object space 45056K, 99% used [0x00000000c0000000,0x00000000c2baee48,0x00000000c2c00000)
 Metaspace       used 48974K, capacity 51438K, committed 51712K, reserved 1093632K
  class space    used 6759K, capacity 7589K, committed 7680K, reserved 1048576K
Event: 4086.011 GC heap after
Heap after GC invocations=30 (full 4):
 PSYoungGen      total 157696K, used 4986K [0x00000000eab00000, 0x00000000f5780000, 0x0000000100000000)
  eden space 138752K, 3% used [0x00000000eab00000,0x00000000eafde8e8,0x00000000f3280000)
  from space 18944K, 0% used [0x00000000f4500000,0x00000000f4500000,0x00000000f5780000)
  to   space 18944K, 0% used [0x00000000f3280000,0x00000000f3280000,0x00000000f4500000)
 ParOldGen       total 45056K, used 45045K [0x00000000c0000000, 0x00000000c2c00000, 0x00000000eab00000)
  object space 45056K, 99% used [0x00000000c0000000,0x00000000c2bfd6c8,0x00000000c2c00000)
 Metaspace       used 48974K, capacity 51438K, committed 51712K, reserved 1093632K
  class space    used 6759K, capacity 7589K, committed 7680K, reserved 1048576K
}
Event: 4088.840 GC heap before
{Heap before GC invocations=31 (full 5):
 PSYoungGen      total 157696K, used 138752K [0x00000000eab00000, 0x00000000f5780000, 0x0000000100000000)
  eden space 138752K, 100% used [0x00000000eab00000,0x00000000f3280000,0x00000000f3280000)
  from space 18944K, 0% used [0x00000000f4500000,0x00000000f4500000,0x00000000f5780000)
  to   space 18944K, 0% used [0x00000000f3280000,0x00000000f3280000,0x00000000f4500000)
 ParOldGen       total 45056K, used 45045K [0x00000000c0000000, 0x00000000c2c00000, 0x00000000eab00000)
  object space 45056K, 99% used [0x00000000c0000000,0x00000000c2bfd6c8,0x00000000c2c00000)
 Metaspace       used 49087K, capacity 51736K, committed 51968K, reserved 1093632K
  class space    used 6772K, capacity 7659K, committed 7680K, reserved 1048576K
Event: 4089.146 GC heap after
Heap after GC invocations=31 (full 5):
 PSYoungGen      total 157696K, used 0K [0x00000000eab00000, 0x00000000f5780000, 0x0000000100000000)
  eden space 138752K, 0% used [0x00000000eab00000,0x00000000eab00000,0x00000000f3280000)
  from space 18944K, 0% used [0x00000000f4500000,0x00000000f4500000,0x00000000f5780000)
  to   space 18944K, 0% used [0x00000000f3280000,0x00000000f3280000,0x00000000f4500000)
 ParOldGen       total 45056K, used 24110K [0x00000000c0000000, 0x00000000c2c00000, 0x00000000eab00000)
  object space 45056K, 53% used [0x00000000c0000000,0x00000000c178bac8,0x00000000c2c00000)
 Metaspace       used 47310K, capacity 48342K, committed 51968K, reserved 1093632K
  class space    used 6269K, capacity 6605K, committed 7680K, reserved 1048576K
}

Deoptimization events (10 events):
Event: 4089.682 Thread 0x0000000018687000 Uncommon trap: reason=unreached action=reinterpret pc=0x00000000033de4fc method=org.codehaus.groovy.util.LazyReference.get()Ljava/lang/Object; @ 33
Event: 4089.684 Thread 0x0000000018687000 Uncommon trap: reason=null_check action=make_not_entrant pc=0x0000000003f4b478 method=java.beans.MethodRef.get()Ljava/lang/reflect/Method; @ 16
Event: 4089.690 Thread 0x0000000018687000 Uncommon trap: reason=null_check action=make_not_entrant pc=0x0000000003f6daf8 method=java.beans.MethodRef.get()Ljava/lang/reflect/Method; @ 16
Event: 4089.692 Thread 0x0000000018687000 Uncommon trap: reason=unreached action=reinterpret pc=0x00000000033b8398 method=org.codehaus.groovy.util.LazyReference.get()Ljava/lang/Object; @ 33
Event: 4089.696 Thread 0x0000000018687000 Uncommon trap: reason=null_check action=make_not_entrant pc=0x0000000002ca19b0 method=java.lang.Class.reflectionData()Ljava/lang/Class$ReflectionData; @ 24
Event: 4089.697 Thread 0x0000000018687000 Uncommon trap: reason=null_check action=make_not_entrant pc=0x0000000003498fe0 method=java.lang.Class.reflectionData()Ljava/lang/Class$ReflectionData; @ 24
Event: 4089.724 Thread 0x0000000018687000 Uncommon trap: reason=null_check action=make_not_entrant pc=0x00000000038f6a38 method=org.codehaus.groovy.reflection.ClassInfo.getWeakMetaClass()Lgroovy/lang/MetaClass; @ 17
Event: 4089.762 Thread 0x0000000018687000 Uncommon trap: reason=unreached action=reinterpret pc=0x00000000034a7db4 method=org.codehaus.groovy.util.LazyReference.get()Ljava/lang/Object; @ 33
Event: 4089.793 Thread 0x0000000018687000 Uncommon trap: reason=null_check action=make_not_entrant pc=0x0000000003e93058 method=org.codehaus.groovy.reflection.ClassInfo.getWeakMetaClass()Lgroovy/lang/MetaClass; @ 17
Event: 4089.826 Thread 0x0000000018687000 Uncommon trap: reason=null_check action=make_not_entrant pc=0x0000000003eb2590 method=org.codehaus.groovy.reflection.ClassInfo.getWeakMetaClass()Lgroovy/lang/MetaClass; @ 17

Internal exceptions (10 events):
Event: 4089.826 Thread 0x0000000018687000 Exception <a 'java/security/PrivilegedActionException'> (0x00000000ef9bfc40) thrown at [C:\workspace\8-2-build-windows-amd64-cygwin\jdk8u31\2394\hotspot\src\share\vm\prims\jvm.cpp, line 1312]
Event: 4089.826 Thread 0x0000000018687000 Exception <a 'java/security/PrivilegedActionException'> (0x00000000ef9c5d20) thrown at [C:\workspace\8-2-build-windows-amd64-cygwin\jdk8u31\2394\hotspot\src\share\vm\prims\jvm.cpp, line 1312]
Event: 4089.827 Thread 0x0000000018687000 Exception <a 'java/security/PrivilegedActionException'> (0x00000000ef9d26d8) thrown at [C:\workspace\8-2-build-windows-amd64-cygwin\jdk8u31\2394\hotspot\src\share\vm\prims\jvm.cpp, line 1312]
Event: 4089.827 Thread 0x0000000018687000 Exception <a 'java/security/PrivilegedActionException'> (0x00000000ef9d3538) thrown at [C:\workspace\8-2-build-windows-amd64-cygwin\jdk8u31\2394\hotspot\src\share\vm\prims\jvm.cpp, line 1312]
Event: 4089.827 Thread 0x0000000018687000 Exception <a 'java/security/PrivilegedActionException'> (0x00000000ef9da810) thrown at [C:\workspace\8-2-build-windows-amd64-cygwin\jdk8u31\2394\hotspot\src\share\vm\prims\jvm.cpp, line 1312]
Event: 4089.829 Thread 0x0000000018687000 Exception <a 'java/security/PrivilegedActionException'> (0x00000000ef9f2f88) thrown at [C:\workspace\8-2-build-windows-amd64-cygwin\jdk8u31\2394\hotspot\src\share\vm\prims\jvm.cpp, line 1312]
Event: 4089.831 Thread 0x0000000018687000 Exception <a 'java/security/PrivilegedActionException'> (0x00000000ef9f7a20) thrown at [C:\workspace\8-2-build-windows-amd64-cygwin\jdk8u31\2394\hotspot\src\share\vm\prims\jvm.cpp, line 1312]
Event: 4089.831 Thread 0x0000000018687000 Exception <a 'java/security/PrivilegedActionException'> (0x00000000ef9f8b10) thrown at [C:\workspace\8-2-build-windows-amd64-cygwin\jdk8u31\2394\hotspot\src\share\vm\prims\jvm.cpp, line 1312]
Event: 4089.831 Thread 0x0000000018687000 Exception <a 'java/security/PrivilegedActionException'> (0x00000000efa012b8) thrown at [C:\workspace\8-2-build-windows-amd64-cygwin\jdk8u31\2394\hotspot\src\share\vm\prims\jvm.cpp, line 1312]
Event: 4089.836 Thread 0x0000000018687000 Exception <a 'java/security/PrivilegedActionException'> (0x00000000efa46038) thrown at [C:\workspace\8-2-build-windows-amd64-cygwin\jdk8u31\2394\hotspot\src\share\vm\prims\jvm.cpp, line 1312]

Events (10 events):
Event: 4089.826 loading class groovy/runtime/metaclass/groovy/lang/GroovyObjectSupportMetaClass
Event: 4089.826 loading class groovy/runtime/metaclass/groovy/lang/GroovyObjectSupportMetaClass done
Event: 4089.827 loading class groovy/runtime/metaclass/org/gradle/api/plugins/ExtraPropertiesExtensionMetaClass
Event: 4089.827 loading class groovy/runtime/metaclass/org/gradle/api/plugins/ExtraPropertiesExtensionMetaClass done
Event: 4089.829 loading class asLocalRepo235_6k6egf40q0to1ajptbeeyagtz$_run_closure1_closure2
Event: 4089.829 loading class asLocalRepo235_6k6egf40q0to1ajptbeeyagtz$_run_closure1_closure2 done
Event: 4089.831 loading class groovy/runtime/metaclass/asLocalRepo235_6k6egf40q0to1ajptbeeyagtz$_run_closure1_closure2MetaClass
Event: 4089.831 loading class groovy/runtime/metaclass/asLocalRepo235_6k6egf40q0to1ajptbeeyagtz$_run_closure1_closure2MetaClass done
Event: 4089.836 loading class asLocalRepo235_6k6egf40q0to1ajptbeeyagtz$_run_closure1_closure2_closure3
Event: 4089.836 loading class asLocalRepo235_6k6egf40q0to1ajptbeeyagtz$_run_closure1_closure2_closure3 done


Dynamic libraries:
0x00007ff7cfe80000 - 0x00007ff7cfeb4000 	C:\Program Files\Java\jdk1.8.0_31\bin\java.exe
0x00007fff4d2a0000 - 0x00007fff4d461000 	C:\Windows\SYSTEM32\ntdll.dll
0x00007fff4ba80000 - 0x00007fff4bb2d000 	C:\Windows\system32\KERNEL32.DLL
0x00007fff49e80000 - 0x00007fff4a05d000 	C:\Windows\system32\KERNELBASE.dll
0x00007fff4b290000 - 0x00007fff4b336000 	C:\Windows\system32\ADVAPI32.dll
0x00007fff4b730000 - 0x00007fff4b7cd000 	C:\Windows\system32\msvcrt.dll
0x00007fff4ac10000 - 0x00007fff4ac6b000 	C:\Windows\system32\sechost.dll
0x00007fff4b4a0000 - 0x00007fff4b5c6000 	C:\Windows\system32\RPCRT4.dll
0x00007fff4d140000 - 0x00007fff4d28e000 	C:\Windows\system32\USER32.dll
0x00007fff4aef0000 - 0x00007fff4b076000 	C:\Windows\system32\GDI32.dll
0x00007fff45f60000 - 0x00007fff461d4000 	C:\Windows\WinSxS\amd64_microsoft.windows.common-controls_6595b64144ccf1df_6.0.10240.16384_none_f41f7b285750ef43\COMCTL32.dll
0x00007fff4a9d0000 - 0x00007fff4aa06000 	C:\Windows\system32\IMM32.DLL
0x00007fff4b340000 - 0x00007fff4b49c000 	C:\Windows\system32\MSCTF.dll
0x00007fff49b20000 - 0x00007fff49b51000 	C:\Windows\system32\nvinitx.dll
0x00007fff49b10000 - 0x00007fff49b1a000 	C:\Windows\SYSTEM32\VERSION.dll
0x000000006b5a0000 - 0x000000006b5a6000 	C:\Program Files\NVIDIA Corporation\CoProcManager\_etoured.dll
0x00007fff47780000 - 0x00007fff477b3000 	C:\Program Files\NVIDIA Corporation\CoProcManager\nvd3d9wrapx.dll
0x00007fff4aa40000 - 0x00007fff4ac05000 	C:\Windows\system32\SETUPAPI.dll
0x00007fff49e30000 - 0x00007fff49e74000 	C:\Windows\system32\CFGMGR32.dll
0x00007fff47660000 - 0x00007fff47682000 	C:\Program Files\NVIDIA Corporation\CoProcManager\nvdxgiwrapx.dll
0x0000000069450000 - 0x0000000069522000 	C:\Program Files\Java\jdk1.8.0_31\jre\bin\msvcr100.dll
0x0000000069910000 - 0x000000006a16a000 	C:\Program Files\Java\jdk1.8.0_31\jre\bin\server\jvm.dll
0x00007fff4d290000 - 0x00007fff4d298000 	C:\Windows\system32\PSAPI.DLL
0x00007fff3a370000 - 0x00007fff3a379000 	C:\Windows\SYSTEM32\WSOCK32.dll
0x00007fff48060000 - 0x00007fff48083000 	C:\Windows\SYSTEM32\WINMM.dll
0x00007fff4b9b0000 - 0x00007fff4ba19000 	C:\Windows\system32\WS2_32.dll
0x00007fff48030000 - 0x00007fff4805c000 	C:\Windows\SYSTEM32\WINMMBASE.dll
0x00007fff4b5d0000 - 0x00007fff4b5d8000 	C:\Windows\system32\NSI.dll
0x00007fff48550000 - 0x00007fff48577000 	C:\Windows\SYSTEM32\DEVOBJ.dll
0x0000000069900000 - 0x000000006990f000 	C:\Program Files\Java\jdk1.8.0_31\jre\bin\verify.dll
0x00000000698d0000 - 0x00000000698f8000 	C:\Program Files\Java\jdk1.8.0_31\jre\bin\java.dll
0x00000000698b0000 - 0x00000000698c6000 	C:\Program Files\Java\jdk1.8.0_31\jre\bin\zip.dll
0x00007fff4bc10000 - 0x00007fff4d132000 	C:\Windows\system32\SHELL32.dll
0x00007fff4a060000 - 0x00007fff4a688000 	C:\Windows\system32\windows.storage.dll
0x00007fff4ac70000 - 0x00007fff4aeec000 	C:\Windows\system32\combase.dll
0x00007fff4ba20000 - 0x00007fff4ba71000 	C:\Windows\system32\shlwapi.dll
0x00007fff49d60000 - 0x00007fff49d6f000 	C:\Windows\system32\kernel.appcore.dll
0x00000000164a0000 - 0x0000000016553000 	C:\Windows\system32\shcore.dll
0x00007fff49d10000 - 0x00007fff49d5a000 	C:\Windows\system32\powrprof.dll
0x00007fff49cd0000 - 0x00007fff49ce3000 	C:\Windows\system32\profapi.dll
0x0000000069890000 - 0x00000000698aa000 	C:\Program Files\Java\jdk1.8.0_31\jre\bin\net.dll
0x00007fff494f0000 - 0x00007fff4954d000 	C:\Windows\system32\mswsock.dll
0x0000000069870000 - 0x0000000069881000 	C:\Program Files\Java\jdk1.8.0_31\jre\bin\nio.dll
0x00007fff45a70000 - 0x00007fff45a82000 	C:\Users\Ahmed Donkl\.gradle\native\19\windows-amd64\native-platform.dll
0x00007fff46d30000 - 0x00007fff46d68000 	C:\Windows\SYSTEM32\IPHLPAPI.DLL
0x00007fff46dc0000 - 0x00007fff46dcb000 	C:\Windows\SYSTEM32\WINNSI.DLL
0x00007fff46b10000 - 0x00007fff46b26000 	C:\Windows\SYSTEM32\dhcpcsvc6.DLL
0x00007fff46cb0000 - 0x00007fff46cca000 	C:\Windows\SYSTEM32\dhcpcsvc.DLL
0x00007fff49550000 - 0x00007fff49567000 	C:\Windows\SYSTEM32\CRYPTSP.dll
0x00007fff49c00000 - 0x00007fff49c28000 	C:\Windows\SYSTEM32\bcrypt.dll
0x00007fff49140000 - 0x00007fff49173000 	C:\Windows\system32\rsaenh.dll
0x00007fff49340000 - 0x00007fff4935f000 	C:\Windows\SYSTEM32\USERENV.dll
0x00007fff49aa0000 - 0x00007fff49b0b000 	C:\Windows\system32\bcryptprimitives.dll
0x00007fff496c0000 - 0x00007fff496cb000 	C:\Windows\SYSTEM32\CRYPTBASE.dll
0x0000000069670000 - 0x000000006967d000 	C:\Program Files\Java\jdk1.8.0_31\jre\bin\management.dll
0x00000000695a0000 - 0x00000000695c4000 	C:\Program Files\Java\jdk1.8.0_31\jre\bin\sunec.dll
0x00007fff49230000 - 0x00007fff492d8000 	C:\Windows\SYSTEM32\DNSAPI.dll
0x00007fff40010000 - 0x00007fff4001a000 	C:\Windows\System32\rasadhlp.dll
0x00007fff424e0000 - 0x00007fff42548000 	C:\Windows\System32\fwpuclnt.dll
0x00007fff32040000 - 0x00007fff32055000 	C:\Windows\system32\napinsp.dll
0x00007fff32020000 - 0x00007fff3203a000 	C:\Windows\system32\pnrpnsp.dll
0x00007fff477e0000 - 0x00007fff477f8000 	C:\Windows\system32\NLAapi.dll
0x00007fff31ff0000 - 0x00007fff31ffd000 	C:\Windows\System32\winrnr.dll
0x00007fff3bba0000 - 0x00007fff3bd2a000 	C:\Windows\SYSTEM32\dbghelp.dll

VM Arguments:
jvm_args: -XX:MaxPermSize=256m -XX:+HeapDumpOnOutOfMemoryError -Xmx1024m -Dfile.encoding=windows-1252 -Duser.country=US -Duser.language=en -Duser.variant 
java_command: org.gradle.launcher.daemon.bootstrap.GradleDaemon 2.4 C:\Users\Ahmed Donkl\.gradle C:\Users\Ahmed Donkl\.gradle\daemon 10800000 640d9762-cd16-40f9-bdbd-5403a91cdeef -XX:MaxPermSize=256m -XX:+HeapDumpOnOutOfMemoryError -Xmx1024m -Dfile.encoding=windows-1252 -Duser.country=US -Duser.language=en -Duser.variant
java_class_path (initial): C:\Program Files\Android\Android Studio\gradle\gradle-2.4\lib\gradle-launcher-2.4.jar
Launcher Type: SUN_STANDARD

Environment Variables:
JAVA_HOME=C:\Program Files\Java\jdk1.8.0_31
PATH=C:\ProgramData\Oracle\Java\javapath;C:\Program Files (x86)\EasyPHP-DevServer-14.1VC11\binaries\php\php_runningversion;C:\Program Files (x86)\Intel\iCLS Client\;C:\Program Files\Intel\iCLS Client\;C:\Windows\system32;C:\Windows;C:\Windows\System32\Wbem;C:\Windows\System32\WindowsPowerShell\v1.0\;C:\Program Files (x86)\Intel\OpenCL SDK\2.0\bin\x86;C:\Program Files (x86)\Intel\OpenCL SDK\2.0\bin\x64;C:\Program Files\Intel\Intel(R) Management Engine Components\DAL;C:\Program Files\Intel\Intel(R) Management Engine Components\IPT;C:\Program Files (x86)\Intel\Intel(R) Management Engine Components\DAL;C:\Program Files (x86)\Intel\Intel(R) Management Engine Components\IPT;C:\Program Files (x86)\NVIDIA Corporation\PhysX\Common;C:\Program Files\MATLAB\R2012a\runtime\win64;C:\Program Files\MATLAB\R2012a\bin;C:\Program Files (x86)\Skype\Phone\;C:\Program Files (x86)\CloudFoundry
USERNAME=Ahmed Donkl
OS=Windows_NT
PROCESSOR_IDENTIFIER=Intel64 Family 6 Model 42 Stepping 7, GenuineIntel



---------------  S Y S T E M  ---------------

OS: Windows 8.1 , 64 bit Build 9600 

CPU:total 4 (2 cores per cpu, 2 threads per core) family 6 model 42 stepping 7, cmov, cx8, fxsr, mmx, sse, sse2, sse3, ssse3, sse4.1, sse4.2, popcnt, avx, clmul, ht, tsc, tscinvbit

Memory: 4k page, physical 4026732k(281184k free), swap 16609644k(148k free)

vm_info: Java HotSpot(TM) 64-Bit Server VM (25.31-b07) for windows-amd64 JRE (1.8.0_31-b13), built on Dec 17 2014 21:00:28 by "java_re" with MS VC++ 10.0 (VS2010)

time: Wed Dec 09 09:01:10 2015
elapsed time: 4090 seconds (0d 1h 8m 10s)

