#
# There is insufficient memory for the Java Runtime Environment to continue.
# Native memory allocation (malloc) failed to allocate 1610416 bytes for Chunk::new
# Possible reasons:
#   The system is out of physical RAM or swap space
#   In 32 bit mode, the process size limit was hit
# Possible solutions:
#   Reduce memory load on the system
#   Increase physical memory or swap space
#   Check if swap backing store is full
#   Use 64 bit Java on a 64 bit OS
#   Decrease Java heap size (-Xmx/-Xms)
#   Decrease number of Java threads
#   Decrease Java thread stack sizes (-Xss)
#   Set larger code cache with -XX:ReservedCodeCacheSize=
# This output file may be truncated or incomplete.
#
#  Out of Memory Error (allocation.cpp:390), pid=4320, tid=4708
#
# JRE version: Java(TM) SE Runtime Environment (8.0_31-b13) (build 1.8.0_31-b13)
# Java VM: Java HotSpot(TM) 64-Bit Server VM (25.31-b07 mixed mode windows-amd64 compressed oops)
# Failed to write core dump. Minidumps are not enabled by default on client versions of Windows
#

---------------  T H R E A D  ---------------

Current thread (0x0000000014936800):  JavaThread "C2 CompilerThread1" daemon [_thread_in_native, id=4708, stack(0x0000000016000000,0x0000000016100000)]

Stack: [0x0000000016000000,0x0000000016100000]
Native frames: (J=compiled Java code, j=interpreted, Vv=VM code, C=native code)
V  [jvm.dll+0x3169ba]
V  [jvm.dll+0x2674c3]
V  [jvm.dll+0x268103]
V  [jvm.dll+0x25f8f5]
V  [jvm.dll+0xbf025]
V  [jvm.dll+0xbf4cc]
V  [jvm.dll+0x45df82]
V  [jvm.dll+0x49f21f]
V  [jvm.dll+0x452daf]
V  [jvm.dll+0x454124]
V  [jvm.dll+0x437c62]
V  [jvm.dll+0x988e2]
V  [jvm.dll+0x990d3]
V  [jvm.dll+0x22c194]
V  [jvm.dll+0x28576a]
C  [msvcr100.dll+0x21d9f]
C  [msvcr100.dll+0x21e3b]
C  [KERNEL32.DLL+0x12d92]
C  [ntdll.dll+0x9f64]


Current CompileTask:
C2:  79596 2386       4       java.util.Arrays::binarySearch0 (95 bytes)


---------------  P R O C E S S  ---------------

Java Threads: ( => current thread )
  0x0000000017e9e800 JavaThread "File lock request listener" [_thread_in_native, id=5900, stack(0x000000001a530000,0x000000001a630000)]
  0x0000000016aeb000 JavaThread "Daemon worker" [_thread_in_Java, id=8796, stack(0x00000000189f0000,0x0000000018af0000)]
  0x00000000173e4000 JavaThread "Cancel handler" [_thread_blocked, id=4256, stack(0x00000000188f0000,0x00000000189f0000)]
  0x00000000171ba000 JavaThread "Handler for socket connection from /127.0.0.1:60287 to /127.0.0.1:60288" [_thread_in_native, id=4308, stack(0x00000000187f0000,0x00000000188f0000)]
  0x00000000171b7800 JavaThread "Daemon" [_thread_blocked, id=1044, stack(0x00000000186f0000,0x00000000187f0000)]
  0x000000001715f000 JavaThread "Incoming local TCP Connector on port 60287" [_thread_in_native, id=7544, stack(0x0000000018310000,0x0000000018410000)]
  0x000000001622d000 JavaThread "Service Thread" daemon [_thread_blocked, id=4952, stack(0x0000000016600000,0x0000000016700000)]
  0x0000000014944800 JavaThread "C1 CompilerThread2" daemon [_thread_in_native, id=3628, stack(0x0000000016100000,0x0000000016200000)]
=>0x0000000014936800 JavaThread "C2 CompilerThread1" daemon [_thread_in_native, id=4708, stack(0x0000000016000000,0x0000000016100000)]
  0x00000000148ed000 JavaThread "C2 CompilerThread0" daemon [_thread_in_native, id=4100, stack(0x0000000015f00000,0x0000000016000000)]
  0x00000000148eb000 JavaThread "Attach Listener" daemon [_thread_blocked, id=7164, stack(0x0000000015e00000,0x0000000015f00000)]
  0x00000000148ea000 JavaThread "Signal Dispatcher" daemon [_thread_blocked, id=8780, stack(0x0000000015d00000,0x0000000015e00000)]
  0x0000000002216000 JavaThread "Finalizer" daemon [_thread_blocked, id=9208, stack(0x0000000015b40000,0x0000000015c40000)]
  0x000000000220d800 JavaThread "Reference Handler" daemon [_thread_blocked, id=8988, stack(0x0000000015a40000,0x0000000015b40000)]
  0x000000000201e800 JavaThread "main" [_thread_blocked, id=7136, stack(0x0000000002020000,0x0000000002120000)]

Other Threads:
  0x00000000148b6000 VMThread [stack: 0x0000000015940000,0x0000000015a40000] [id=7044]
  0x000000001622f800 WatcherThread [stack: 0x0000000016700000,0x0000000016800000] [id=8484]

VM state:not at safepoint (normal execution)

VM Mutex/Monitor currently owned by a thread: None

Heap:
 PSYoungGen      total 72704K, used 48135K [0x00000000eab00000, 0x00000000f0b00000, 0x0000000100000000)
  eden space 66048K, 71% used [0x00000000eab00000,0x00000000ed969e58,0x00000000eeb80000)
  from space 6656K, 9% used [0x00000000eeb80000,0x00000000eec18020,0x00000000ef200000)
  to   space 6144K, 0% used [0x00000000f0500000,0x00000000f0500000,0x00000000f0b00000)
 ParOldGen       total 28160K, used 11022K [0x00000000c0000000, 0x00000000c1b80000, 0x00000000eab00000)
  object space 28160K, 39% used [0x00000000c0000000,0x00000000c0ac39b0,0x00000000c1b80000)
 Metaspace       used 24238K, capacity 24907K, committed 25216K, reserved 1079296K
  class space    used 3165K, capacity 3394K, committed 3456K, reserved 1048576K

Card table byte_map: [0x00000000115e0000,0x00000000117f0000] byte_map_base: 0x0000000010fe0000

Marking Bits: (ParMarkBitMap*) 0x000000006a0cd4f0
 Begin Bits: [0x0000000011d50000, 0x0000000012d50000)
 End Bits:   [0x0000000012d50000, 0x0000000013d50000)

Polling page: 0x0000000001f10000

CodeCache: size=245760Kb used=8795Kb max_used=8795Kb free=236964Kb
 bounds [0x0000000002220000, 0x0000000002ac0000, 0x0000000011220000]
 total_blobs=2935 nmethods=2310 adapters=538
 compilation: enabled

Compilation events (10 events):
Event: 71.773 Thread 0x0000000014944800 2413       1       sun.reflect.annotation.AnnotationType::memberTypes (5 bytes)
Event: 71.773 Thread 0x0000000014944800 nmethod 2413 0x0000000002a4ab10 code [0x0000000002a4ac60, 0x0000000002a4ad70]
Event: 71.773 Thread 0x0000000014944800 2414       1       sun.reflect.annotation.AnnotationType::memberDefaults (5 bytes)
Event: 71.773 Thread 0x0000000014944800 nmethod 2414 0x0000000002a64750 code [0x0000000002a648a0, 0x0000000002a649b0]
Event: 71.773 Thread 0x0000000014944800 2415       1       sun.reflect.annotation.AnnotationType::retention (5 bytes)
Event: 71.773 Thread 0x0000000014944800 nmethod 2415 0x0000000002a64a10 code [0x0000000002a64b60, 0x0000000002a64c70]
Event: 71.773 Thread 0x0000000014944800 2407       1       sun.reflect.generics.tree.Wildcard::getUpperBounds (5 bytes)
Event: 71.773 Thread 0x0000000014944800 nmethod 2407 0x0000000002a64cd0 code [0x0000000002a64e20, 0x0000000002a64f30]
Event: 71.774 Thread 0x0000000014944800 2416       3       org.codehaus.groovy.reflection.CachedField::<init> (18 bytes)
Event: 71.774 Thread 0x0000000014944800 nmethod 2416 0x0000000002a64f90 code [0x0000000002a65100, 0x0000000002a65470]

GC Heap History (10 events):
Event: 53.782 GC heap before
{Heap before GC invocations=16 (full 1):
 PSYoungGen      total 40448K, used 33408K [0x00000000eab00000, 0x00000000eda80000, 0x0000000100000000)
  eden space 33280K, 100% used [0x00000000eab00000,0x00000000ecb80000,0x00000000ecb80000)
  from space 7168K, 1% used [0x00000000ed280000,0x00000000ed2a0000,0x00000000ed980000)
  to   space 7168K, 0% used [0x00000000ecb80000,0x00000000ecb80000,0x00000000ed280000)
 ParOldGen       total 28160K, used 10006K [0x00000000c0000000, 0x00000000c1b80000, 0x00000000eab00000)
  object space 28160K, 35% used [0x00000000c0000000,0x00000000c09c5940,0x00000000c1b80000)
 Metaspace       used 22022K, capacity 22488K, committed 22656K, reserved 1069056K
  class space    used 2906K, capacity 3077K, committed 3200K, reserved 1048576K
Event: 53.804 GC heap after
Heap after GC invocations=16 (full 1):
 PSYoungGen      total 40448K, used 240K [0x00000000eab00000, 0x00000000eea80000, 0x0000000100000000)
  eden space 33280K, 0% used [0x00000000eab00000,0x00000000eab00000,0x00000000ecb80000)
  from space 7168K, 3% used [0x00000000ecb80000,0x00000000ecbbc010,0x00000000ed280000)
  to   space 7168K, 0% used [0x00000000ee380000,0x00000000ee380000,0x00000000eea80000)
 ParOldGen       total 28160K, used 10118K [0x00000000c0000000, 0x00000000c1b80000, 0x00000000eab00000)
  object space 28160K, 35% used [0x00000000c0000000,0x00000000c09e1940,0x00000000c1b80000)
 Metaspace       used 22022K, capacity 22488K, committed 22656K, reserved 1069056K
  class space    used 2906K, capacity 3077K, committed 3200K, reserved 1048576K
}
Event: 54.355 GC heap before
{Heap before GC invocations=17 (full 1):
 PSYoungGen      total 40448K, used 33520K [0x00000000eab00000, 0x00000000eea80000, 0x0000000100000000)
  eden space 33280K, 100% used [0x00000000eab00000,0x00000000ecb80000,0x00000000ecb80000)
  from space 7168K, 3% used [0x00000000ecb80000,0x00000000ecbbc010,0x00000000ed280000)
  to   space 7168K, 0% used [0x00000000ee380000,0x00000000ee380000,0x00000000eea80000)
 ParOldGen       total 28160K, used 10118K [0x00000000c0000000, 0x00000000c1b80000, 0x00000000eab00000)
  object space 28160K, 35% used [0x00000000c0000000,0x00000000c09e1940,0x00000000c1b80000)
 Metaspace       used 22048K, capacity 22552K, committed 22912K, reserved 1069056K
  class space    used 2908K, capacity 3077K, committed 3200K, reserved 1048576K
Event: 54.357 GC heap after
Heap after GC invocations=17 (full 1):
 PSYoungGen      total 55808K, used 384K [0x00000000eab00000, 0x00000000ee900000, 0x0000000100000000)
  eden space 50176K, 0% used [0x00000000eab00000,0x00000000eab00000,0x00000000edc00000)
  from space 5632K, 6% used [0x00000000ee380000,0x00000000ee3e0000,0x00000000ee900000)
  to   space 6656K, 0% used [0x00000000edc00000,0x00000000edc00000,0x00000000ee280000)
 ParOldGen       total 28160K, used 10326K [0x00000000c0000000, 0x00000000c1b80000, 0x00000000eab00000)
  object space 28160K, 36% used [0x00000000c0000000,0x00000000c0a15990,0x00000000c1b80000)
 Metaspace       used 22048K, capacity 22552K, committed 22912K, reserved 1069056K
  class space    used 2908K, capacity 3077K, committed 3200K, reserved 1048576K
}
Event: 54.704 GC heap before
{Heap before GC invocations=18 (full 1):
 PSYoungGen      total 55808K, used 50560K [0x00000000eab00000, 0x00000000ee900000, 0x0000000100000000)
  eden space 50176K, 100% used [0x00000000eab00000,0x00000000edc00000,0x00000000edc00000)
  from space 5632K, 6% used [0x00000000ee380000,0x00000000ee3e0000,0x00000000ee900000)
  to   space 6656K, 0% used [0x00000000edc00000,0x00000000edc00000,0x00000000ee280000)
 ParOldGen       total 28160K, used 10326K [0x00000000c0000000, 0x00000000c1b80000, 0x00000000eab00000)
  object space 28160K, 36% used [0x00000000c0000000,0x00000000c0a15990,0x00000000c1b80000)
 Metaspace       used 22048K, capacity 22552K, committed 22912K, reserved 1069056K
  class space    used 2908K, capacity 3077K, committed 3200K, reserved 1048576K
Event: 54.706 GC heap after
Heap after GC invocations=18 (full 1):
 PSYoungGen      total 56832K, used 224K [0x00000000eab00000, 0x00000000ef980000, 0x0000000100000000)
  eden space 50176K, 0% used [0x00000000eab00000,0x00000000eab00000,0x00000000edc00000)
  from space 6656K, 3% used [0x00000000edc00000,0x00000000edc38000,0x00000000ee280000)
  to   space 6656K, 0% used [0x00000000ef300000,0x00000000ef300000,0x00000000ef980000)
 ParOldGen       total 28160K, used 10614K [0x00000000c0000000, 0x00000000c1b80000, 0x00000000eab00000)
  object space 28160K, 37% used [0x00000000c0000000,0x00000000c0a5d990,0x00000000c1b80000)
 Metaspace       used 22048K, capacity 22552K, committed 22912K, reserved 1069056K
  class space    used 2908K, capacity 3077K, committed 3200K, reserved 1048576K
}
Event: 56.908 GC heap before
{Heap before GC invocations=19 (full 1):
 PSYoungGen      total 56832K, used 50400K [0x00000000eab00000, 0x00000000ef980000, 0x0000000100000000)
  eden space 50176K, 100% used [0x00000000eab00000,0x00000000edc00000,0x00000000edc00000)
  from space 6656K, 3% used [0x00000000edc00000,0x00000000edc38000,0x00000000ee280000)
  to   space 6656K, 0% used [0x00000000ef300000,0x00000000ef300000,0x00000000ef980000)
 ParOldGen       total 28160K, used 10614K [0x00000000c0000000, 0x00000000c1b80000, 0x00000000eab00000)
  object space 28160K, 37% used [0x00000000c0000000,0x00000000c0a5d990,0x00000000c1b80000)
 Metaspace       used 22053K, capacity 22552K, committed 22912K, reserved 1069056K
  class space    used 2908K, capacity 3077K, committed 3200K, reserved 1048576K
Event: 56.910 GC heap after
Heap after GC invocations=19 (full 1):
 PSYoungGen      total 71680K, used 288K [0x00000000eab00000, 0x00000000ef880000, 0x0000000100000000)
  eden space 66048K, 0% used [0x00000000eab00000,0x00000000eab00000,0x00000000eeb80000)
  from space 5632K, 5% used [0x00000000ef300000,0x00000000ef348000,0x00000000ef880000)
  to   space 6656K, 0% used [0x00000000eeb80000,0x00000000eeb80000,0x00000000ef200000)
 ParOldGen       total 28160K, used 10782K [0x00000000c0000000, 0x00000000c1b80000, 0x00000000eab00000)
  object space 28160K, 38% used [0x00000000c0000000,0x00000000c0a87990,0x00000000c1b80000)
 Metaspace       used 22053K, capacity 22552K, committed 22912K, reserved 1069056K
  class space    used 2908K, capacity 3077K, committed 3200K, reserved 1048576K
}
Event: 57.307 GC heap before
{Heap before GC invocations=20 (full 1):
 PSYoungGen      total 71680K, used 66336K [0x00000000eab00000, 0x00000000ef880000, 0x0000000100000000)
  eden space 66048K, 100% used [0x00000000eab00000,0x00000000eeb80000,0x00000000eeb80000)
  from space 5632K, 5% used [0x00000000ef300000,0x00000000ef348000,0x00000000ef880000)
  to   space 6656K, 0% used [0x00000000eeb80000,0x00000000eeb80000,0x00000000ef200000)
 ParOldGen       total 28160K, used 10782K [0x00000000c0000000, 0x00000000c1b80000, 0x00000000eab00000)
  object space 28160K, 38% used [0x00000000c0000000,0x00000000c0a87990,0x00000000c1b80000)
 Metaspace       used 22053K, capacity 22552K, committed 22912K, reserved 1069056K
  class space    used 2908K, capacity 3077K, committed 3200K, reserved 1048576K
Event: 57.310 GC heap after
Heap after GC invocations=20 (full 1):
 PSYoungGen      total 72704K, used 608K [0x00000000eab00000, 0x00000000f0b00000, 0x0000000100000000)
  eden space 66048K, 0% used [0x00000000eab00000,0x00000000eab00000,0x00000000eeb80000)
  from space 6656K, 9% used [0x00000000eeb80000,0x00000000eec18020,0x00000000ef200000)
  to   space 6144K, 0% used [0x00000000f0500000,0x00000000f0500000,0x00000000f0b00000)
 ParOldGen       total 28160K, used 11022K [0x00000000c0000000, 0x00000000c1b80000, 0x00000000eab00000)
  object space 28160K, 39% used [0x00000000c0000000,0x00000000c0ac39b0,0x00000000c1b80000)
 Metaspace       used 22053K, capacity 22552K, committed 22912K, reserved 1069056K
  class space    used 2908K, capacity 3077K, committed 3200K, reserved 1048576K
}

Deoptimization events (10 events):
Event: 53.925 Thread 0x0000000016aeb000 Uncommon trap: reason=unreached action=reinterpret pc=0x0000000002961a5c method=org.codehaus.groovy.ast.ClassNode.redirect()Lorg/codehaus/groovy/ast/ClassNode; @ 4
Event: 54.808 Thread 0x0000000016aeb000 Uncommon trap: reason=bimorphic action=maybe_recompile pc=0x00000000029c8cf4 method=org.codehaus.groovy.control.ResolveVisitor.resolveNestedClass(Lorg/codehaus/groovy/ast/ClassNode;)Z @ 113
Event: 54.809 Thread 0x0000000016aeb000 Uncommon trap: reason=bimorphic action=maybe_recompile pc=0x00000000029a2f14 method=org.codehaus.groovy.control.ResolveVisitor.resolveFromCompileUnit(Lorg/codehaus/groovy/ast/ClassNode;)Z @ 16
Event: 54.810 Thread 0x0000000016aeb000 Uncommon trap: reason=unreached action=reinterpret pc=0x00000000025a1800 method=org.codehaus.groovy.ast.ClassNode.getSuperClass()Lorg/codehaus/groovy/ast/ClassNode; @ 60
Event: 54.810 Thread 0x0000000016aeb000 Uncommon trap: reason=unreached action=reinterpret pc=0x00000000029a2eb4 method=org.codehaus.groovy.ast.ClassNode.getCompileUnit()Lorg/codehaus/groovy/ast/CompileUnit; @ 19
Event: 54.811 Thread 0x0000000016aeb000 Uncommon trap: reason=unreached action=reinterpret pc=0x000000000298ebc0 method=org.codehaus.groovy.ast.ClassNode.redirect()Lorg/codehaus/groovy/ast/ClassNode; @ 4
Event: 57.456 Thread 0x0000000016aeb000 Uncommon trap: reason=bimorphic action=maybe_recompile pc=0x00000000029dc2d0 method=org.codehaus.groovy.control.ResolveVisitor.resolve(Lorg/codehaus/groovy/ast/ClassNode;ZZZ)Z @ 86
Event: 57.456 Thread 0x0000000016aeb000 Uncommon trap: reason=bimorphic action=maybe_recompile pc=0x00000000029c8cf4 method=org.codehaus.groovy.control.ResolveVisitor.resolveNestedClass(Lorg/codehaus/groovy/ast/ClassNode;)Z @ 113
Event: 57.457 Thread 0x0000000016aeb000 Uncommon trap: reason=unreached action=reinterpret pc=0x00000000029f44ac method=org.codehaus.groovy.control.ResolveVisitor.resolveFromModule(Lorg/codehaus/groovy/ast/ClassNode;Z)Z @ 4
Event: 68.806 Thread 0x0000000016aeb000 Uncommon trap: reason=unreached action=reinterpret pc=0x0000000002520df0 method=java.util.HashMap.hash(Ljava/lang/Object;)I @ 1

Internal exceptions (10 events):
Event: 71.761 Thread 0x0000000016aeb000 Exception <a 'java/security/PrivilegedActionException'> (0x00000000ecc2b068) thrown at [C:\workspace\8-2-build-windows-amd64-cygwin\jdk8u31\2394\hotspot\src\share\vm\prims\jvm.cpp, line 1312]
Event: 71.761 Thread 0x0000000016aeb000 Exception <a 'java/security/PrivilegedActionException'> (0x00000000ecc2ff68) thrown at [C:\workspace\8-2-build-windows-amd64-cygwin\jdk8u31\2394\hotspot\src\share\vm\prims\jvm.cpp, line 1312]
Event: 71.761 Thread 0x0000000016aeb000 Exception <a 'java/lang/SecurityException'> (0x00000000ecc30980) thrown at [C:\workspace\8-2-build-windows-amd64-cygwin\jdk8u31\2394\hotspot\src\share\vm\prims\jvm.cpp, line 1316]
Event: 71.764 Thread 0x0000000016aeb000 Exception <a 'java/security/PrivilegedActionException'> (0x00000000ecc3c870) thrown at [C:\workspace\8-2-build-windows-amd64-cygwin\jdk8u31\2394\hotspot\src\share\vm\prims\jvm.cpp, line 1312]
Event: 71.764 Thread 0x0000000016aeb000 Exception <a 'java/lang/ClassNotFoundException': java/lang/ClassBeanInfo> (0x00000000ecc3d8f0) thrown at [C:\workspace\8-2-build-windows-amd64-cygwin\jdk8u31\2394\hotspot\src\share\vm\classfile\systemDictionary.cpp, line 202]
Event: 71.765 Thread 0x0000000016aeb000 Exception <a 'java/security/PrivilegedActionException'> (0x00000000ecc3e7e8) thrown at [C:\workspace\8-2-build-windows-amd64-cygwin\jdk8u31\2394\hotspot\src\share\vm\prims\jvm.cpp, line 1312]
Event: 71.765 Thread 0x0000000016aeb000 Exception <a 'java/lang/ClassNotFoundException': java/lang/ClassCustomizer> (0x00000000ecc3f910) thrown at [C:\workspace\8-2-build-windows-amd64-cygwin\jdk8u31\2394\hotspot\src\share\vm\classfile\systemDictionary.cpp, line 202]
Event: 71.775 Thread 0x0000000016aeb000 Exception <a 'java/security/PrivilegedActionException'> (0x00000000ecc979e0) thrown at [C:\workspace\8-2-build-windows-amd64-cygwin\jdk8u31\2394\hotspot\src\share\vm\prims\jvm.cpp, line 1312]
Event: 71.775 Thread 0x0000000016aeb000 Exception <a 'java/security/PrivilegedActionException'> (0x00000000ecc98530) thrown at [C:\workspace\8-2-build-windows-amd64-cygwin\jdk8u31\2394\hotspot\src\share\vm\prims\jvm.cpp, line 1312]
Event: 71.775 Thread 0x0000000016aeb000 Exception <a 'java/security/PrivilegedActionException'> (0x00000000ecc9dd20) thrown at [C:\workspace\8-2-build-windows-amd64-cygwin\jdk8u31\2394\hotspot\src\share\vm\prims\jvm.cpp, line 1312]

Events (10 events):
Event: 71.763 loading class java/lang/ClassBeanInfo done
Event: 71.764 loading class java/lang/ClassBeanInfo
Event: 71.764 loading class java/lang/ClassBeanInfo done
Event: 71.765 loading class java/lang/ClassCustomizer
Event: 71.765 loading class java/lang/ClassCustomizer done
Event: 71.765 loading class java/lang/ClassCustomizer
Event: 71.765 loading class java/lang/ClassCustomizer done
Event: 71.775 loading class groovy/runtime/metaclass/java/net/URLClassLoaderMetaClass
Event: 71.775 loading class groovy/runtime/metaclass/java/net/URLClassLoaderMetaClass done
Event: 71.776 loading class java/nio/DoubleBuffer


Dynamic libraries:
0x00007ff67e520000 - 0x00007ff67e554000 	C:\Program Files\Java\jdk1.8.0_31\bin\java.exe
0x00007fff4d2a0000 - 0x00007fff4d461000 	C:\Windows\SYSTEM32\ntdll.dll
0x00007fff4ba80000 - 0x00007fff4bb2d000 	C:\Windows\system32\KERNEL32.DLL
0x00007fff49e80000 - 0x00007fff4a05d000 	C:\Windows\system32\KERNELBASE.dll
0x00007fff4b290000 - 0x00007fff4b336000 	C:\Windows\system32\ADVAPI32.dll
0x00007fff4b730000 - 0x00007fff4b7cd000 	C:\Windows\system32\msvcrt.dll
0x00007fff4ac10000 - 0x00007fff4ac6b000 	C:\Windows\system32\sechost.dll
0x00007fff4b4a0000 - 0x00007fff4b5c6000 	C:\Windows\system32\RPCRT4.dll
0x00007fff4d140000 - 0x00007fff4d28e000 	C:\Windows\system32\USER32.dll
0x00007fff4aef0000 - 0x00007fff4b076000 	C:\Windows\system32\GDI32.dll
0x00007fff45f60000 - 0x00007fff461d4000 	C:\Windows\WinSxS\amd64_microsoft.windows.common-controls_6595b64144ccf1df_6.0.10240.16384_none_f41f7b285750ef43\COMCTL32.dll
0x00007fff4a9d0000 - 0x00007fff4aa06000 	C:\Windows\system32\IMM32.DLL
0x00007fff4b340000 - 0x00007fff4b49c000 	C:\Windows\system32\MSCTF.dll
0x00007fff49b20000 - 0x00007fff49b51000 	C:\Windows\system32\nvinitx.dll
0x00007fff49b10000 - 0x00007fff49b1a000 	C:\Windows\SYSTEM32\VERSION.dll
0x000000006b5a0000 - 0x000000006b5a6000 	C:\Program Files\NVIDIA Corporation\CoProcManager\_etoured.dll
0x00007fff47780000 - 0x00007fff477b3000 	C:\Program Files\NVIDIA Corporation\CoProcManager\nvd3d9wrapx.dll
0x00007fff4aa40000 - 0x00007fff4ac05000 	C:\Windows\system32\SETUPAPI.dll
0x00007fff49e30000 - 0x00007fff49e74000 	C:\Windows\system32\CFGMGR32.dll
0x00007fff47660000 - 0x00007fff47682000 	C:\Program Files\NVIDIA Corporation\CoProcManager\nvdxgiwrapx.dll
0x0000000069430000 - 0x0000000069502000 	C:\Program Files\Java\jdk1.8.0_31\jre\bin\msvcr100.dll
0x00000000698f0000 - 0x000000006a14a000 	C:\Program Files\Java\jdk1.8.0_31\jre\bin\server\jvm.dll
0x00007fff4d290000 - 0x00007fff4d298000 	C:\Windows\system32\PSAPI.DLL
0x00007fff3a370000 - 0x00007fff3a379000 	C:\Windows\SYSTEM32\WSOCK32.dll
0x00007fff4b9b0000 - 0x00007fff4ba19000 	C:\Windows\system32\WS2_32.dll
0x00007fff4b5d0000 - 0x00007fff4b5d8000 	C:\Windows\system32\NSI.dll
0x00007fff48060000 - 0x00007fff48083000 	C:\Windows\SYSTEM32\WINMM.dll
0x00007fff48030000 - 0x00007fff4805c000 	C:\Windows\SYSTEM32\WINMMBASE.dll
0x00007fff48550000 - 0x00007fff48577000 	C:\Windows\SYSTEM32\DEVOBJ.dll
0x00000000698e0000 - 0x00000000698ef000 	C:\Program Files\Java\jdk1.8.0_31\jre\bin\verify.dll
0x00000000698b0000 - 0x00000000698d8000 	C:\Program Files\Java\jdk1.8.0_31\jre\bin\java.dll
0x0000000069890000 - 0x00000000698a6000 	C:\Program Files\Java\jdk1.8.0_31\jre\bin\zip.dll
0x00007fff4bc10000 - 0x00007fff4d132000 	C:\Windows\system32\SHELL32.dll
0x00007fff4a060000 - 0x00007fff4a688000 	C:\Windows\system32\windows.storage.dll
0x00007fff4ac70000 - 0x00007fff4aeec000 	C:\Windows\system32\combase.dll
0x00007fff4ba20000 - 0x00007fff4ba71000 	C:\Windows\system32\shlwapi.dll
0x00007fff49d60000 - 0x00007fff49d6f000 	C:\Windows\system32\kernel.appcore.dll
0x0000000015c40000 - 0x0000000015cf3000 	C:\Windows\system32\shcore.dll
0x00007fff49d10000 - 0x00007fff49d5a000 	C:\Windows\system32\powrprof.dll
0x00007fff49cd0000 - 0x00007fff49ce3000 	C:\Windows\system32\profapi.dll
0x0000000069870000 - 0x000000006988a000 	C:\Program Files\Java\jdk1.8.0_31\jre\bin\net.dll
0x00007fff494f0000 - 0x00007fff4954d000 	C:\Windows\system32\mswsock.dll
0x0000000069850000 - 0x0000000069861000 	C:\Program Files\Java\jdk1.8.0_31\jre\bin\nio.dll
0x00007fff45a70000 - 0x00007fff45a82000 	C:\Users\Ahmed Donkl\.gradle\native\19\windows-amd64\native-platform.dll
0x00007fff46d30000 - 0x00007fff46d68000 	C:\Windows\SYSTEM32\IPHLPAPI.DLL
0x00007fff46dc0000 - 0x00007fff46dcb000 	C:\Windows\SYSTEM32\WINNSI.DLL
0x00007fff46b10000 - 0x00007fff46b26000 	C:\Windows\SYSTEM32\dhcpcsvc6.DLL
0x00007fff46cb0000 - 0x00007fff46cca000 	C:\Windows\SYSTEM32\dhcpcsvc.DLL
0x00007fff49550000 - 0x00007fff49567000 	C:\Windows\SYSTEM32\CRYPTSP.dll
0x00007fff49c00000 - 0x00007fff49c28000 	C:\Windows\SYSTEM32\bcrypt.dll
0x00007fff49140000 - 0x00007fff49173000 	C:\Windows\system32\rsaenh.dll
0x00007fff49340000 - 0x00007fff4935f000 	C:\Windows\SYSTEM32\USERENV.dll
0x00007fff49aa0000 - 0x00007fff49b0b000 	C:\Windows\system32\bcryptprimitives.dll
0x00007fff496c0000 - 0x00007fff496cb000 	C:\Windows\SYSTEM32\CRYPTBASE.dll
0x00007fff3bba0000 - 0x00007fff3bd2a000 	C:\Windows\SYSTEM32\dbghelp.dll

VM Arguments:
jvm_args: -XX:MaxPermSize=256m -XX:+HeapDumpOnOutOfMemoryError -Xmx1024m -Dfile.encoding=windows-1252 -Duser.country=US -Duser.language=en -Duser.variant 
java_command: org.gradle.launcher.daemon.bootstrap.GradleDaemon 2.4 C:\Users\Ahmed Donkl\.gradle C:\Users\Ahmed Donkl\.gradle\daemon 10800000 eb6dbf52-85bf-4c31-b0f0-d9302777493f -XX:MaxPermSize=256m -XX:+HeapDumpOnOutOfMemoryError -Xmx1024m -Dfile.encoding=windows-1252 -Duser.country=US -Duser.language=en -Duser.variant
java_class_path (initial): C:\Program Files\Android\Android Studio\gradle\gradle-2.4\lib\gradle-launcher-2.4.jar
Launcher Type: SUN_STANDARD

Environment Variables:
JAVA_HOME=C:\Program Files\Java\jdk1.8.0_31
PATH=C:\ProgramData\Oracle\Java\javapath;C:\Program Files (x86)\EasyPHP-DevServer-14.1VC11\binaries\php\php_runningversion;C:\Program Files (x86)\Intel\iCLS Client\;C:\Program Files\Intel\iCLS Client\;C:\Windows\system32;C:\Windows;C:\Windows\System32\Wbem;C:\Windows\System32\WindowsPowerShell\v1.0\;C:\Program Files (x86)\Intel\OpenCL SDK\2.0\bin\x86;C:\Program Files (x86)\Intel\OpenCL SDK\2.0\bin\x64;C:\Program Files\Intel\Intel(R) Management Engine Components\DAL;C:\Program Files\Intel\Intel(R) Management Engine Components\IPT;C:\Program Files (x86)\Intel\Intel(R) Management Engine Components\DAL;C:\Program Files (x86)\Intel\Intel(R) Management Engine Components\IPT;C:\Program Files (x86)\NVIDIA Corporation\PhysX\Common;C:\Program Files\MATLAB\R2012a\runtime\win64;C:\Program Files\MATLAB\R2012a\bin;C:\Program Files (x86)\Skype\Phone\;C:\Program Files (x86)\CloudFoundry
USERNAME=Ahmed Donkl
OS=Windows_NT
PROCESSOR_IDENTIFIER=Intel64 Family 6 Model 42 Stepping 7, GenuineIntel



---------------  S Y S T E M  ---------------

OS: Windows 8.1 , 64 bit Build 9600 

CPU:total 4 (2 cores per cpu, 2 threads per core) family 6 model 42 stepping 7, cmov, cx8, fxsr, mmx, sse, sse2, sse3, ssse3, sse4.1, sse4.2, popcnt, avx, clmul, ht, tsc, tscinvbit

Memory: 4k page, physical 4026732k(214232k free), swap 16609644k(448k free)

vm_info: Java HotSpot(TM) 64-Bit Server VM (25.31-b07) for windows-amd64 JRE (1.8.0_31-b13), built on Dec 17 2014 21:00:28 by "java_re" with MS VC++ 10.0 (VS2010)

time: Wed Dec 09 09:13:45 2015
elapsed time: 80 seconds (0d 0h 1m 20s)

